[INFO] 2024-08-31T12:17:40.625837 Profiling DLIO /home/riddhiman/Projects/0RANDOM/dlio_benchmarking/dlio_benchmark/hydra_log/default/2024-08-31-12-17-38/trace-0-of-4.pfw [/home/riddhiman/.local/lib/python3.10/site-packages/dlio_benchmark/utils/config.py:190]
[INFO] 2024-08-31T12:17:41.169379 Running DLIO with 4 process(es) [/home/riddhiman/.local/lib/python3.10/site-packages/dlio_benchmark/main.py:97]
[INFO] Total amount of data each host will consume is 0.000244140625 GB; each host has [7.533790588378906] GB memory [/home/riddhiman/.local/lib/python3.10/site-packages/dlio_benchmark/utils/statscounter.py:121]
[WARNING] The amount of dataset is smaller than the host memory; data might be cached after the first epoch. Increase the size of dataset to eliminate the caching effect!!! [/home/riddhiman/.local/lib/python3.10/site-packages/dlio_benchmark/utils/statscounter.py:125]
[INFO] 2024-08-31T12:17:41.578026 Max steps per epoch: 4 = 1 * 64 / 4 / 4 (samples per file * num files / batch size / comm size) [/home/riddhiman/.local/lib/python3.10/site-packages/dlio_benchmark/main.py:317]
[INFO] 2024-08-31T12:17:41.578313 Steps per eval: 2 = 1 * 8 / 1 / 4 (samples per file * num files / batch size eval / comm size) [/home/riddhiman/.local/lib/python3.10/site-packages/dlio_benchmark/main.py:322]
[INFO] 2024-08-31T12:17:41.653185 Starting epoch 1: 4 steps expected [/home/riddhiman/.local/lib/python3.10/site-packages/dlio_benchmark/utils/statscounter.py:192]
[INFO] 2024-08-31T12:17:41.653598 Starting block 1 [/home/riddhiman/.local/lib/python3.10/site-packages/dlio_benchmark/utils/statscounter.py:264]
[INFO] 2024-08-31T12:17:44.042028 Rank 2 step 1 processed 4 samples in 2.3908941745758057 s [/home/riddhiman/.local/lib/python3.10/site-packages/dlio_benchmark/utils/statscounter.py:325]
[INFO] 2024-08-31T12:17:44.045146 Rank 3 step 1 processed 4 samples in 2.3933610916137695 s [/home/riddhiman/.local/lib/python3.10/site-packages/dlio_benchmark/utils/statscounter.py:325]
[INFO] 2024-08-31T12:17:44.053764 Rank 1 step 1 processed 4 samples in 2.361334800720215 s [/home/riddhiman/.local/lib/python3.10/site-packages/dlio_benchmark/utils/statscounter.py:325]
[INFO] 2024-08-31T12:17:44.055554 Rank 0 step 1 processed 4 samples in 2.40175461769104 s [/home/riddhiman/.local/lib/python3.10/site-packages/dlio_benchmark/utils/statscounter.py:325]
[INFO] 2024-08-31T12:17:45.057826 Rank 0 step 2 processed 4 samples in 1.0019145011901855 s [/home/riddhiman/.local/lib/python3.10/site-packages/dlio_benchmark/utils/statscounter.py:325]
[INFO] 2024-08-31T12:17:45.057971 Rank 1 step 2 processed 4 samples in 1.0020513534545898 s [/home/riddhiman/.local/lib/python3.10/site-packages/dlio_benchmark/utils/statscounter.py:325]
[INFO] 2024-08-31T12:17:45.057961 Rank 2 step 2 processed 4 samples in 1.0020356178283691 s [/home/riddhiman/.local/lib/python3.10/site-packages/dlio_benchmark/utils/statscounter.py:325]
[INFO] 2024-08-31T12:17:45.058499 Rank 3 step 2 processed 4 samples in 1.0025746822357178 s [/home/riddhiman/.local/lib/python3.10/site-packages/dlio_benchmark/utils/statscounter.py:325]
[INFO] 2024-08-31T12:17:46.061256 Rank 3 step 3 processed 4 samples in 1.002518892288208 s [/home/riddhiman/.local/lib/python3.10/site-packages/dlio_benchmark/utils/statscounter.py:325]
[INFO] 2024-08-31T12:17:46.061252 Rank 1 step 3 processed 4 samples in 1.0025248527526855 s [/home/riddhiman/.local/lib/python3.10/site-packages/dlio_benchmark/utils/statscounter.py:325]
[INFO] 2024-08-31T12:17:46.061286 Rank 2 step 3 processed 4 samples in 1.0025455951690674 s [/home/riddhiman/.local/lib/python3.10/site-packages/dlio_benchmark/utils/statscounter.py:325]
[INFO] 2024-08-31T12:17:46.061285 Rank 0 step 3 processed 4 samples in 1.002551794052124 s [/home/riddhiman/.local/lib/python3.10/site-packages/dlio_benchmark/utils/statscounter.py:325]
[INFO] 2024-08-31T12:17:47.092315 Rank 3 step 4 processed 4 samples in 1.0028038024902344 s [/home/riddhiman/.local/lib/python3.10/site-packages/dlio_benchmark/utils/statscounter.py:325]
[INFO] 2024-08-31T12:17:47.092315 Rank 1 step 4 processed 4 samples in 1.0028095245361328 s [/home/riddhiman/.local/lib/python3.10/site-packages/dlio_benchmark/utils/statscounter.py:325]
[INFO] 2024-08-31T12:17:47.092497 Rank 2 step 4 processed 4 samples in 1.002995252609253 s [/home/riddhiman/.local/lib/python3.10/site-packages/dlio_benchmark/utils/statscounter.py:325]
[INFO] 2024-08-31T12:17:47.092690 Rank 0 step 4 processed 4 samples in 1.0031886100769043 s [/home/riddhiman/.local/lib/python3.10/site-packages/dlio_benchmark/utils/statscounter.py:325]
[INFO] 2024-08-31T12:17:47.093290 Maximum number of steps reached [/home/riddhiman/.local/lib/python3.10/site-packages/dlio_benchmark/main.py:289]
[INFO] 2024-08-31T12:17:47.094460 Ending block 1 - 4 steps completed in 5.44 s [/home/riddhiman/.local/lib/python3.10/site-packages/dlio_benchmark/utils/statscounter.py:282]
[INFO] 2024-08-31T12:17:47.131511 Epoch 1 - Block 1 [Training] Accelerator Utilization [AU] (%): 98.7340 [/home/riddhiman/.local/lib/python3.10/site-packages/dlio_benchmark/utils/statscounter.py:285]
[INFO] 2024-08-31T12:17:47.131612 Epoch 1 - Block 1 [Training] Throughput (samples/second): 11.7642 [/home/riddhiman/.local/lib/python3.10/site-packages/dlio_benchmark/utils/statscounter.py:286]
[INFO] 2024-08-31T12:17:47.132241 Ending epoch 1 - 4 steps completed in 5.48 s [/home/riddhiman/.local/lib/python3.10/site-packages/dlio_benchmark/utils/statscounter.py:225]
[INFO] 2024-08-31T12:17:47.134949 Starting eval - 2 steps expected [/home/riddhiman/.local/lib/python3.10/site-packages/dlio_benchmark/utils/statscounter.py:231]
[INFO] 2024-08-31T12:17:48.586398 Rank 1 step 1 processed 1 samples in 1.453880786895752 s [/home/riddhiman/.local/lib/python3.10/site-packages/dlio_benchmark/utils/statscounter.py:361]
[INFO] 2024-08-31T12:17:48.592662 Rank 2 step 1 processed 1 samples in 1.4601240158081055 s [/home/riddhiman/.local/lib/python3.10/site-packages/dlio_benchmark/utils/statscounter.py:361]
[INFO] 2024-08-31T12:17:48.601494 Rank 3 step 1 processed 1 samples in 1.4690253734588623 s [/home/riddhiman/.local/lib/python3.10/site-packages/dlio_benchmark/utils/statscounter.py:361]
[INFO] 2024-08-31T12:17:48.623565 Rank 0 step 1 processed 1 samples in 1.4883606433868408 s [/home/riddhiman/.local/lib/python3.10/site-packages/dlio_benchmark/utils/statscounter.py:361]
[INFO] 2024-08-31T12:17:49.089629 Rank 1 step 2 processed 1 samples in 0.502373218536377 s [/home/riddhiman/.local/lib/python3.10/site-packages/dlio_benchmark/utils/statscounter.py:361]
[INFO] 2024-08-31T12:17:49.095329 Rank 2 step 2 processed 1 samples in 0.5017204284667969 s [/home/riddhiman/.local/lib/python3.10/site-packages/dlio_benchmark/utils/statscounter.py:361]
[INFO] 2024-08-31T12:17:49.104291 Rank 3 step 2 processed 1 samples in 0.5018351078033447 s [/home/riddhiman/.local/lib/python3.10/site-packages/dlio_benchmark/utils/statscounter.py:361]
[INFO] 2024-08-31T12:17:49.126735 Rank 0 step 2 processed 1 samples in 0.5020616054534912 s [/home/riddhiman/.local/lib/python3.10/site-packages/dlio_benchmark/utils/statscounter.py:361]
[INFO] 2024-08-31T12:17:49.127174 Ending eval - 2 steps completed in 1.99 s [/home/riddhiman/.local/lib/python3.10/site-packages/dlio_benchmark/utils/statscounter.py:249]
[INFO] 2024-08-31T12:17:49.130211 Epoch 1 [Eval] Accelerator Utilization [AU] (%): 99.2654 [/home/riddhiman/.local/lib/python3.10/site-packages/dlio_benchmark/utils/statscounter.py:252]
[INFO] 2024-08-31T12:17:49.130309 Epoch 1 [Eval] Throughput (samples/second): 4.0159 [/home/riddhiman/.local/lib/python3.10/site-packages/dlio_benchmark/utils/statscounter.py:253]
[INFO] 2024-08-31T12:17:49.130874 Starting epoch 2: 4 steps expected [/home/riddhiman/.local/lib/python3.10/site-packages/dlio_benchmark/utils/statscounter.py:192]
[INFO] 2024-08-31T12:17:49.131190 Starting block 1 [/home/riddhiman/.local/lib/python3.10/site-packages/dlio_benchmark/utils/statscounter.py:264]
[INFO] 2024-08-31T12:17:50.103123 Rank 1 step 1 processed 4 samples in 1.0119783878326416 s [/home/riddhiman/.local/lib/python3.10/site-packages/dlio_benchmark/utils/statscounter.py:325]
[INFO] 2024-08-31T12:17:50.112296 Rank 2 step 1 processed 4 samples in 1.0156078338623047 s [/home/riddhiman/.local/lib/python3.10/site-packages/dlio_benchmark/utils/statscounter.py:325]
[INFO] 2024-08-31T12:17:50.117367 Rank 3 step 1 processed 4 samples in 1.0114109516143799 s [/home/riddhiman/.local/lib/python3.10/site-packages/dlio_benchmark/utils/statscounter.py:325]
[INFO] 2024-08-31T12:17:50.140349 Rank 0 step 1 processed 4 samples in 1.009026050567627 s [/home/riddhiman/.local/lib/python3.10/site-packages/dlio_benchmark/utils/statscounter.py:325]
[INFO] 2024-08-31T12:17:51.142373 Rank 3 step 2 processed 4 samples in 1.0017778873443604 s [/home/riddhiman/.local/lib/python3.10/site-packages/dlio_benchmark/utils/statscounter.py:325]
[INFO] 2024-08-31T12:17:51.142377 Rank 0 step 2 processed 4 samples in 1.0017850399017334 s [/home/riddhiman/.local/lib/python3.10/site-packages/dlio_benchmark/utils/statscounter.py:325]
[INFO] 2024-08-31T12:17:51.170238 Rank 2 step 2 processed 4 samples in 1.0296237468719482 s [/home/riddhiman/.local/lib/python3.10/site-packages/dlio_benchmark/utils/statscounter.py:325]
[INFO] 2024-08-31T12:17:51.170256 Rank 1 step 2 processed 4 samples in 1.0296449661254883 s [/home/riddhiman/.local/lib/python3.10/site-packages/dlio_benchmark/utils/statscounter.py:325]
[INFO] 2024-08-31T12:17:52.174351 Rank 1 step 3 processed 4 samples in 1.0032169818878174 s [/home/riddhiman/.local/lib/python3.10/site-packages/dlio_benchmark/utils/statscounter.py:325]
[INFO] 2024-08-31T12:17:52.174349 Rank 2 step 3 processed 4 samples in 1.0031962394714355 s [/home/riddhiman/.local/lib/python3.10/site-packages/dlio_benchmark/utils/statscounter.py:325]
[INFO] 2024-08-31T12:17:52.174362 Rank 3 step 3 processed 4 samples in 1.0032339096069336 s [/home/riddhiman/.local/lib/python3.10/site-packages/dlio_benchmark/utils/statscounter.py:325]
[INFO] 2024-08-31T12:17:52.174362 Rank 0 step 3 processed 4 samples in 1.0032408237457275 s [/home/riddhiman/.local/lib/python3.10/site-packages/dlio_benchmark/utils/statscounter.py:325]
[INFO] 2024-08-31T12:17:53.177794 Rank 1 step 4 processed 4 samples in 1.002746820449829 s [/home/riddhiman/.local/lib/python3.10/site-packages/dlio_benchmark/utils/statscounter.py:325]
[INFO] 2024-08-31T12:17:53.177794 Rank 2 step 4 processed 4 samples in 1.0027449131011963 s [/home/riddhiman/.local/lib/python3.10/site-packages/dlio_benchmark/utils/statscounter.py:325]
[INFO] 2024-08-31T12:17:53.178160 Rank 0 step 4 processed 4 samples in 1.0031108856201172 s [/home/riddhiman/.local/lib/python3.10/site-packages/dlio_benchmark/utils/statscounter.py:325]
[INFO] 2024-08-31T12:17:53.178159 Rank 3 step 4 processed 4 samples in 1.003108024597168 s [/home/riddhiman/.local/lib/python3.10/site-packages/dlio_benchmark/utils/statscounter.py:325]
[INFO] 2024-08-31T12:17:53.178818 Maximum number of steps reached [/home/riddhiman/.local/lib/python3.10/site-packages/dlio_benchmark/main.py:289]
[INFO] 2024-08-31T12:17:53.179420 Ending block 1 - 4 steps completed in 4.05 s [/home/riddhiman/.local/lib/python3.10/site-packages/dlio_benchmark/utils/statscounter.py:282]
[INFO] 2024-08-31T12:17:53.183793 Epoch 2 - Block 1 [Training] Accelerator Utilization [AU] (%): 98.7163 [/home/riddhiman/.local/lib/python3.10/site-packages/dlio_benchmark/utils/statscounter.py:285]
[INFO] 2024-08-31T12:17:53.183912 Epoch 2 - Block 1 [Training] Throughput (samples/second): 15.8101 [/home/riddhiman/.local/lib/python3.10/site-packages/dlio_benchmark/utils/statscounter.py:286]
[INFO] 2024-08-31T12:17:53.184340 Ending epoch 2 - 4 steps completed in 4.05 s [/home/riddhiman/.local/lib/python3.10/site-packages/dlio_benchmark/utils/statscounter.py:225]
[INFO] 2024-08-31T12:17:53.187123 Starting eval - 2 steps expected [/home/riddhiman/.local/lib/python3.10/site-packages/dlio_benchmark/utils/statscounter.py:231]
[INFO] 2024-08-31T12:17:53.690997 Rank 3 step 1 processed 1 samples in 0.5063579082489014 s [/home/riddhiman/.local/lib/python3.10/site-packages/dlio_benchmark/utils/statscounter.py:361]
[INFO] 2024-08-31T12:17:53.691028 Rank 2 step 1 processed 1 samples in 0.5064706802368164 s [/home/riddhiman/.local/lib/python3.10/site-packages/dlio_benchmark/utils/statscounter.py:361]
[INFO] 2024-08-31T12:17:53.691349 Rank 1 step 1 processed 1 samples in 0.5068514347076416 s [/home/riddhiman/.local/lib/python3.10/site-packages/dlio_benchmark/utils/statscounter.py:361]
[INFO] 2024-08-31T12:17:53.693842 Rank 0 step 1 processed 1 samples in 0.5064690113067627 s [/home/riddhiman/.local/lib/python3.10/site-packages/dlio_benchmark/utils/statscounter.py:361]
[INFO] 2024-08-31T12:17:54.193444 Rank 3 step 2 processed 1 samples in 0.5020973682403564 s [/home/riddhiman/.local/lib/python3.10/site-packages/dlio_benchmark/utils/statscounter.py:361]
[INFO] 2024-08-31T12:17:54.193445 Rank 2 step 2 processed 1 samples in 0.5020618438720703 s [/home/riddhiman/.local/lib/python3.10/site-packages/dlio_benchmark/utils/statscounter.py:361]
[INFO] 2024-08-31T12:17:54.193444 Rank 1 step 2 processed 1 samples in 0.5016679763793945 s [/home/riddhiman/.local/lib/python3.10/site-packages/dlio_benchmark/utils/statscounter.py:361]
[INFO] 2024-08-31T12:17:54.195831 Rank 0 step 2 processed 1 samples in 0.5016717910766602 s [/home/riddhiman/.local/lib/python3.10/site-packages/dlio_benchmark/utils/statscounter.py:361]
[INFO] 2024-08-31T12:17:54.196570 Ending eval - 2 steps completed in 1.01 s [/home/riddhiman/.local/lib/python3.10/site-packages/dlio_benchmark/utils/statscounter.py:249]
[INFO] 2024-08-31T12:17:54.198533 Epoch 2 [Eval] Accelerator Utilization [AU] (%): 99.4204 [/home/riddhiman/.local/lib/python3.10/site-packages/dlio_benchmark/utils/statscounter.py:252]
[INFO] 2024-08-31T12:17:54.198618 Epoch 2 [Eval] Throughput (samples/second): 7.9256 [/home/riddhiman/.local/lib/python3.10/site-packages/dlio_benchmark/utils/statscounter.py:253]
[INFO] 2024-08-31T12:17:54.199160 Starting epoch 3: 4 steps expected [/home/riddhiman/.local/lib/python3.10/site-packages/dlio_benchmark/utils/statscounter.py:192]
[INFO] 2024-08-31T12:17:54.199477 Starting block 1 [/home/riddhiman/.local/lib/python3.10/site-packages/dlio_benchmark/utils/statscounter.py:264]
[INFO] 2024-08-31T12:17:55.207907 Rank 2 step 1 processed 4 samples in 1.0114161968231201 s [/home/riddhiman/.local/lib/python3.10/site-packages/dlio_benchmark/utils/statscounter.py:325]
[INFO] 2024-08-31T12:17:55.209115 Rank 0 step 1 processed 4 samples in 1.0094778537750244 s [/home/riddhiman/.local/lib/python3.10/site-packages/dlio_benchmark/utils/statscounter.py:325]
[INFO] 2024-08-31T12:17:55.209906 Rank 1 step 1 processed 4 samples in 1.0133285522460938 s [/home/riddhiman/.local/lib/python3.10/site-packages/dlio_benchmark/utils/statscounter.py:325]
[INFO] 2024-08-31T12:17:55.210393 Rank 3 step 1 processed 4 samples in 1.0137078762054443 s [/home/riddhiman/.local/lib/python3.10/site-packages/dlio_benchmark/utils/statscounter.py:325]
[INFO] 2024-08-31T12:17:56.214516 Rank 0 step 2 processed 4 samples in 1.0035979747772217 s [/home/riddhiman/.local/lib/python3.10/site-packages/dlio_benchmark/utils/statscounter.py:325]
[INFO] 2024-08-31T12:17:56.214552 Rank 1 step 2 processed 4 samples in 1.003645896911621 s [/home/riddhiman/.local/lib/python3.10/site-packages/dlio_benchmark/utils/statscounter.py:325]
[INFO] 2024-08-31T12:17:56.214551 Rank 2 step 2 processed 4 samples in 1.003636360168457 s [/home/riddhiman/.local/lib/python3.10/site-packages/dlio_benchmark/utils/statscounter.py:325]
[INFO] 2024-08-31T12:17:56.214597 Rank 3 step 2 processed 4 samples in 1.003657341003418 s [/home/riddhiman/.local/lib/python3.10/site-packages/dlio_benchmark/utils/statscounter.py:325]
[INFO] 2024-08-31T12:17:57.246393 Rank 0 step 3 processed 4 samples in 1.003328561782837 s [/home/riddhiman/.local/lib/python3.10/site-packages/dlio_benchmark/utils/statscounter.py:325]
[INFO] 2024-08-31T12:17:57.246393 Rank 1 step 3 processed 4 samples in 1.0033290386199951 s [/home/riddhiman/.local/lib/python3.10/site-packages/dlio_benchmark/utils/statscounter.py:325]
[INFO] 2024-08-31T12:17:57.246393 Rank 2 step 3 processed 4 samples in 1.003324031829834 s [/home/riddhiman/.local/lib/python3.10/site-packages/dlio_benchmark/utils/statscounter.py:325]
[INFO] 2024-08-31T12:17:57.246421 Rank 3 step 3 processed 4 samples in 1.0033385753631592 s [/home/riddhiman/.local/lib/python3.10/site-packages/dlio_benchmark/utils/statscounter.py:325]
[INFO] 2024-08-31T12:17:58.249868 Rank 1 step 4 processed 4 samples in 1.0028126239776611 s [/home/riddhiman/.local/lib/python3.10/site-packages/dlio_benchmark/utils/statscounter.py:325]
[INFO] 2024-08-31T12:17:58.249868 Rank 2 step 4 processed 4 samples in 1.0028080940246582 s [/home/riddhiman/.local/lib/python3.10/site-packages/dlio_benchmark/utils/statscounter.py:325]
[INFO] 2024-08-31T12:17:58.249885 Rank 3 step 4 processed 4 samples in 1.002821683883667 s [/home/riddhiman/.local/lib/python3.10/site-packages/dlio_benchmark/utils/statscounter.py:325]
[INFO] 2024-08-31T12:17:58.249886 Rank 0 step 4 processed 4 samples in 1.0028276443481445 s [/home/riddhiman/.local/lib/python3.10/site-packages/dlio_benchmark/utils/statscounter.py:325]
[INFO] 2024-08-31T12:17:58.250545 Maximum number of steps reached [/home/riddhiman/.local/lib/python3.10/site-packages/dlio_benchmark/main.py:289]
[INFO] 2024-08-31T12:17:58.251161 Ending block 1 - 4 steps completed in 4.05 s [/home/riddhiman/.local/lib/python3.10/site-packages/dlio_benchmark/utils/statscounter.py:282]
[INFO] 2024-08-31T12:17:58.257805 Epoch 3 - Block 1 [Training] Accelerator Utilization [AU] (%): 98.6180 [/home/riddhiman/.local/lib/python3.10/site-packages/dlio_benchmark/utils/statscounter.py:285]
[INFO] 2024-08-31T12:17:58.258141 Epoch 3 - Block 1 [Training] Throughput (samples/second): 15.7965 [/home/riddhiman/.local/lib/python3.10/site-packages/dlio_benchmark/utils/statscounter.py:286]
[INFO] 2024-08-31T12:17:58.259118 Ending epoch 3 - 4 steps completed in 4.06 s [/home/riddhiman/.local/lib/python3.10/site-packages/dlio_benchmark/utils/statscounter.py:225]
[INFO] 2024-08-31T12:17:58.267111 Starting eval - 2 steps expected [/home/riddhiman/.local/lib/python3.10/site-packages/dlio_benchmark/utils/statscounter.py:231]
[INFO] 2024-08-31T12:17:58.771047 Rank 2 step 1 processed 1 samples in 0.5114989280700684 s [/home/riddhiman/.local/lib/python3.10/site-packages/dlio_benchmark/utils/statscounter.py:361]
[INFO] 2024-08-31T12:17:58.771046 Rank 1 step 1 processed 1 samples in 0.5115468502044678 s [/home/riddhiman/.local/lib/python3.10/site-packages/dlio_benchmark/utils/statscounter.py:361]
[INFO] 2024-08-31T12:17:58.771862 Rank 3 step 1 processed 1 samples in 0.5118608474731445 s [/home/riddhiman/.local/lib/python3.10/site-packages/dlio_benchmark/utils/statscounter.py:361]
[INFO] 2024-08-31T12:17:58.774490 Rank 0 step 1 processed 1 samples in 0.5066123008728027 s [/home/riddhiman/.local/lib/python3.10/site-packages/dlio_benchmark/utils/statscounter.py:361]
[INFO] 2024-08-31T12:17:59.274431 Rank 3 step 2 processed 1 samples in 0.5021350383758545 s [/home/riddhiman/.local/lib/python3.10/site-packages/dlio_benchmark/utils/statscounter.py:361]
[INFO] 2024-08-31T12:17:59.274449 Rank 1 step 2 processed 1 samples in 0.5028085708618164 s [/home/riddhiman/.local/lib/python3.10/site-packages/dlio_benchmark/utils/statscounter.py:361]
[INFO] 2024-08-31T12:17:59.274448 Rank 2 step 2 processed 1 samples in 0.5028076171875 s [/home/riddhiman/.local/lib/python3.10/site-packages/dlio_benchmark/utils/statscounter.py:361]
[INFO] 2024-08-31T12:17:59.276646 Rank 0 step 2 processed 1 samples in 0.5017623901367188 s [/home/riddhiman/.local/lib/python3.10/site-packages/dlio_benchmark/utils/statscounter.py:361]
[INFO] 2024-08-31T12:17:59.277430 Ending eval - 2 steps completed in 1.01 s [/home/riddhiman/.local/lib/python3.10/site-packages/dlio_benchmark/utils/statscounter.py:249]
[INFO] 2024-08-31T12:17:59.282567 Epoch 3 [Eval] Accelerator Utilization [AU] (%): 99.2992 [/home/riddhiman/.local/lib/python3.10/site-packages/dlio_benchmark/utils/statscounter.py:252]
[INFO] 2024-08-31T12:17:59.282709 Epoch 3 [Eval] Throughput (samples/second): 7.9197 [/home/riddhiman/.local/lib/python3.10/site-packages/dlio_benchmark/utils/statscounter.py:253]
[INFO] 2024-08-31T12:17:59.283669 Starting epoch 4: 4 steps expected [/home/riddhiman/.local/lib/python3.10/site-packages/dlio_benchmark/utils/statscounter.py:192]
[INFO] 2024-08-31T12:17:59.284177 Starting block 1 [/home/riddhiman/.local/lib/python3.10/site-packages/dlio_benchmark/utils/statscounter.py:264]
[INFO] 2024-08-31T12:18:00.292066 Rank 2 step 1 processed 4 samples in 1.012920618057251 s [/home/riddhiman/.local/lib/python3.10/site-packages/dlio_benchmark/utils/statscounter.py:325]
[INFO] 2024-08-31T12:18:00.292100 Rank 1 step 1 processed 4 samples in 1.0129508972167969 s [/home/riddhiman/.local/lib/python3.10/site-packages/dlio_benchmark/utils/statscounter.py:325]
[INFO] 2024-08-31T12:18:00.292427 Rank 3 step 1 processed 4 samples in 1.0146269798278809 s [/home/riddhiman/.local/lib/python3.10/site-packages/dlio_benchmark/utils/statscounter.py:325]
[INFO] 2024-08-31T12:18:00.297047 Rank 0 step 1 processed 4 samples in 1.0126047134399414 s [/home/riddhiman/.local/lib/python3.10/site-packages/dlio_benchmark/utils/statscounter.py:325]
[INFO] 2024-08-31T12:18:01.300339 Rank 2 step 2 processed 4 samples in 1.0026702880859375 s [/home/riddhiman/.local/lib/python3.10/site-packages/dlio_benchmark/utils/statscounter.py:325]
[INFO] 2024-08-31T12:18:01.300341 Rank 1 step 2 processed 4 samples in 1.002671480178833 s [/home/riddhiman/.local/lib/python3.10/site-packages/dlio_benchmark/utils/statscounter.py:325]
[INFO] 2024-08-31T12:18:01.300341 Rank 0 step 2 processed 4 samples in 1.002678632736206 s [/home/riddhiman/.local/lib/python3.10/site-packages/dlio_benchmark/utils/statscounter.py:325]
[INFO] 2024-08-31T12:18:01.300365 Rank 3 step 2 processed 4 samples in 1.0026907920837402 s [/home/riddhiman/.local/lib/python3.10/site-packages/dlio_benchmark/utils/statscounter.py:325]
[INFO] 2024-08-31T12:18:02.330857 Rank 0 step 3 processed 4 samples in 1.00260591506958 s [/home/riddhiman/.local/lib/python3.10/site-packages/dlio_benchmark/utils/statscounter.py:325]
[INFO] 2024-08-31T12:18:02.330869 Rank 2 step 3 processed 4 samples in 1.002610683441162 s [/home/riddhiman/.local/lib/python3.10/site-packages/dlio_benchmark/utils/statscounter.py:325]
[INFO] 2024-08-31T12:18:02.331208 Rank 3 step 3 processed 4 samples in 1.0029408931732178 s [/home/riddhiman/.local/lib/python3.10/site-packages/dlio_benchmark/utils/statscounter.py:325]
[INFO] 2024-08-31T12:18:02.331197 Rank 1 step 3 processed 4 samples in 1.0029408931732178 s [/home/riddhiman/.local/lib/python3.10/site-packages/dlio_benchmark/utils/statscounter.py:325]
[INFO] 2024-08-31T12:18:03.333321 Rank 0 step 4 processed 4 samples in 1.0019056797027588 s [/home/riddhiman/.local/lib/python3.10/site-packages/dlio_benchmark/utils/statscounter.py:325]
[INFO] 2024-08-31T12:18:03.333400 Rank 2 step 4 processed 4 samples in 1.0019805431365967 s [/home/riddhiman/.local/lib/python3.10/site-packages/dlio_benchmark/utils/statscounter.py:325]
[INFO] 2024-08-31T12:18:03.333375 Rank 1 step 4 processed 4 samples in 1.0019569396972656 s [/home/riddhiman/.local/lib/python3.10/site-packages/dlio_benchmark/utils/statscounter.py:325]
[INFO] 2024-08-31T12:18:03.333374 Rank 3 step 4 processed 4 samples in 1.0019543170928955 s [/home/riddhiman/.local/lib/python3.10/site-packages/dlio_benchmark/utils/statscounter.py:325]
[INFO] 2024-08-31T12:18:03.333973 Maximum number of steps reached [/home/riddhiman/.local/lib/python3.10/site-packages/dlio_benchmark/main.py:289]
[INFO] 2024-08-31T12:18:03.334531 Ending block 1 - 4 steps completed in 4.05 s [/home/riddhiman/.local/lib/python3.10/site-packages/dlio_benchmark/utils/statscounter.py:282]
[INFO] 2024-08-31T12:18:03.338703 Epoch 4 - Block 1 [Training] Accelerator Utilization [AU] (%): 98.7626 [/home/riddhiman/.local/lib/python3.10/site-packages/dlio_benchmark/utils/statscounter.py:285]
[INFO] 2024-08-31T12:18:03.338812 Epoch 4 - Block 1 [Training] Throughput (samples/second): 15.8017 [/home/riddhiman/.local/lib/python3.10/site-packages/dlio_benchmark/utils/statscounter.py:286]
[INFO] 2024-08-31T12:18:03.339192 Ending epoch 4 - 4 steps completed in 4.06 s [/home/riddhiman/.local/lib/python3.10/site-packages/dlio_benchmark/utils/statscounter.py:225]
[INFO] 2024-08-31T12:18:03.342131 Starting eval - 2 steps expected [/home/riddhiman/.local/lib/python3.10/site-packages/dlio_benchmark/utils/statscounter.py:231]
[INFO] 2024-08-31T12:18:03.846757 Rank 1 step 1 processed 1 samples in 0.5071272850036621 s [/home/riddhiman/.local/lib/python3.10/site-packages/dlio_benchmark/utils/statscounter.py:361]
[INFO] 2024-08-31T12:18:03.846757 Rank 2 step 1 processed 1 samples in 0.5073318481445312 s [/home/riddhiman/.local/lib/python3.10/site-packages/dlio_benchmark/utils/statscounter.py:361]
[INFO] 2024-08-31T12:18:03.846923 Rank 3 step 1 processed 1 samples in 0.5072033405303955 s [/home/riddhiman/.local/lib/python3.10/site-packages/dlio_benchmark/utils/statscounter.py:361]
[INFO] 2024-08-31T12:18:03.849036 Rank 0 step 1 processed 1 samples in 0.5066485404968262 s [/home/riddhiman/.local/lib/python3.10/site-packages/dlio_benchmark/utils/statscounter.py:361]
[INFO] 2024-08-31T12:18:04.349694 Rank 3 step 2 processed 1 samples in 0.502232551574707 s [/home/riddhiman/.local/lib/python3.10/site-packages/dlio_benchmark/utils/statscounter.py:361]
[INFO] 2024-08-31T12:18:04.349699 Rank 2 step 2 processed 1 samples in 0.5023438930511475 s [/home/riddhiman/.local/lib/python3.10/site-packages/dlio_benchmark/utils/statscounter.py:361]
[INFO] 2024-08-31T12:18:04.349743 Rank 1 step 2 processed 1 samples in 0.5023882389068604 s [/home/riddhiman/.local/lib/python3.10/site-packages/dlio_benchmark/utils/statscounter.py:361]
[INFO] 2024-08-31T12:18:04.351750 Rank 0 step 2 processed 1 samples in 0.5023088455200195 s [/home/riddhiman/.local/lib/python3.10/site-packages/dlio_benchmark/utils/statscounter.py:361]
[INFO] 2024-08-31T12:18:04.352834 Ending eval - 2 steps completed in 1.01 s [/home/riddhiman/.local/lib/python3.10/site-packages/dlio_benchmark/utils/statscounter.py:249]
[INFO] 2024-08-31T12:18:04.358165 Epoch 4 [Eval] Accelerator Utilization [AU] (%): 99.2261 [/home/riddhiman/.local/lib/python3.10/site-packages/dlio_benchmark/utils/statscounter.py:252]
[INFO] 2024-08-31T12:18:04.358319 Epoch 4 [Eval] Throughput (samples/second): 7.9165 [/home/riddhiman/.local/lib/python3.10/site-packages/dlio_benchmark/utils/statscounter.py:253]
[INFO] 2024-08-31T12:18:04.359562 Starting epoch 5: 4 steps expected [/home/riddhiman/.local/lib/python3.10/site-packages/dlio_benchmark/utils/statscounter.py:192]
[INFO] 2024-08-31T12:18:04.360030 Starting block 1 [/home/riddhiman/.local/lib/python3.10/site-packages/dlio_benchmark/utils/statscounter.py:264]
[INFO] 2024-08-31T12:18:05.367144 Rank 3 step 1 processed 4 samples in 1.0132317543029785 s [/home/riddhiman/.local/lib/python3.10/site-packages/dlio_benchmark/utils/statscounter.py:325]
[INFO] 2024-08-31T12:18:05.367420 Rank 2 step 1 processed 4 samples in 1.0130047798156738 s [/home/riddhiman/.local/lib/python3.10/site-packages/dlio_benchmark/utils/statscounter.py:325]
[INFO] 2024-08-31T12:18:05.369722 Rank 1 step 1 processed 4 samples in 1.015260934829712 s [/home/riddhiman/.local/lib/python3.10/site-packages/dlio_benchmark/utils/statscounter.py:325]
[INFO] 2024-08-31T12:18:05.372257 Rank 0 step 1 processed 4 samples in 1.0119524002075195 s [/home/riddhiman/.local/lib/python3.10/site-packages/dlio_benchmark/utils/statscounter.py:325]
[INFO] 2024-08-31T12:18:06.373995 Rank 3 step 2 processed 4 samples in 1.0012757778167725 s [/home/riddhiman/.local/lib/python3.10/site-packages/dlio_benchmark/utils/statscounter.py:325]
[INFO] 2024-08-31T12:18:06.374000 Rank 0 step 2 processed 4 samples in 1.0013010501861572 s [/home/riddhiman/.local/lib/python3.10/site-packages/dlio_benchmark/utils/statscounter.py:325]
[INFO] 2024-08-31T12:18:06.402038 Rank 1 step 2 processed 4 samples in 1.0293145179748535 s [/home/riddhiman/.local/lib/python3.10/site-packages/dlio_benchmark/utils/statscounter.py:325]
[INFO] 2024-08-31T12:18:06.402013 Rank 2 step 2 processed 4 samples in 1.0292799472808838 s [/home/riddhiman/.local/lib/python3.10/site-packages/dlio_benchmark/utils/statscounter.py:325]
[INFO] 2024-08-31T12:18:07.405671 Rank 1 step 3 processed 4 samples in 1.0029945373535156 s [/home/riddhiman/.local/lib/python3.10/site-packages/dlio_benchmark/utils/statscounter.py:325]
[INFO] 2024-08-31T12:18:07.405669 Rank 0 step 3 processed 4 samples in 1.0029938220977783 s [/home/riddhiman/.local/lib/python3.10/site-packages/dlio_benchmark/utils/statscounter.py:325]
[INFO] 2024-08-31T12:18:07.405668 Rank 3 step 3 processed 4 samples in 1.0029847621917725 s [/home/riddhiman/.local/lib/python3.10/site-packages/dlio_benchmark/utils/statscounter.py:325]
[INFO] 2024-08-31T12:18:07.405669 Rank 2 step 3 processed 4 samples in 1.0029797554016113 s [/home/riddhiman/.local/lib/python3.10/site-packages/dlio_benchmark/utils/statscounter.py:325]
[INFO] 2024-08-31T12:18:08.409407 Rank 0 step 4 processed 4 samples in 1.003108263015747 s [/home/riddhiman/.local/lib/python3.10/site-packages/dlio_benchmark/utils/statscounter.py:325]
[INFO] 2024-08-31T12:18:08.409406 Rank 1 step 4 processed 4 samples in 1.003105878829956 s [/home/riddhiman/.local/lib/python3.10/site-packages/dlio_benchmark/utils/statscounter.py:325]
[INFO] 2024-08-31T12:18:08.409406 Rank 2 step 4 processed 4 samples in 1.0031020641326904 s [/home/riddhiman/.local/lib/python3.10/site-packages/dlio_benchmark/utils/statscounter.py:325]
[INFO] 2024-08-31T12:18:08.409406 Rank 3 step 4 processed 4 samples in 1.003103494644165 s [/home/riddhiman/.local/lib/python3.10/site-packages/dlio_benchmark/utils/statscounter.py:325]
[INFO] 2024-08-31T12:18:08.410039 Maximum number of steps reached [/home/riddhiman/.local/lib/python3.10/site-packages/dlio_benchmark/main.py:289]
[INFO] 2024-08-31T12:18:08.410554 Ending block 1 - 4 steps completed in 4.05 s [/home/riddhiman/.local/lib/python3.10/site-packages/dlio_benchmark/utils/statscounter.py:282]
[INFO] 2024-08-31T12:18:08.414709 Epoch 5 - Block 1 [Training] Accelerator Utilization [AU] (%): 98.7356 [/home/riddhiman/.local/lib/python3.10/site-packages/dlio_benchmark/utils/statscounter.py:285]
[INFO] 2024-08-31T12:18:08.414801 Epoch 5 - Block 1 [Training] Throughput (samples/second): 15.8010 [/home/riddhiman/.local/lib/python3.10/site-packages/dlio_benchmark/utils/statscounter.py:286]
[INFO] 2024-08-31T12:18:08.415076 Ending epoch 5 - 4 steps completed in 4.06 s [/home/riddhiman/.local/lib/python3.10/site-packages/dlio_benchmark/utils/statscounter.py:225]
[INFO] 2024-08-31T12:18:08.417067 Starting eval - 2 steps expected [/home/riddhiman/.local/lib/python3.10/site-packages/dlio_benchmark/utils/statscounter.py:231]
[INFO] 2024-08-31T12:18:08.921504 Rank 2 step 1 processed 1 samples in 0.5061812400817871 s [/home/riddhiman/.local/lib/python3.10/site-packages/dlio_benchmark/utils/statscounter.py:361]
[INFO] 2024-08-31T12:18:08.921942 Rank 1 step 1 processed 1 samples in 0.5066573619842529 s [/home/riddhiman/.local/lib/python3.10/site-packages/dlio_benchmark/utils/statscounter.py:361]
[INFO] 2024-08-31T12:18:08.921999 Rank 3 step 1 processed 1 samples in 0.5067265033721924 s [/home/riddhiman/.local/lib/python3.10/site-packages/dlio_benchmark/utils/statscounter.py:361]
[INFO] 2024-08-31T12:18:08.923212 Rank 0 step 1 processed 1 samples in 0.5059792995452881 s [/home/riddhiman/.local/lib/python3.10/site-packages/dlio_benchmark/utils/statscounter.py:361]
[INFO] 2024-08-31T12:18:09.424002 Rank 2 step 2 processed 1 samples in 0.50197434425354 s [/home/riddhiman/.local/lib/python3.10/site-packages/dlio_benchmark/utils/statscounter.py:361]
[INFO] 2024-08-31T12:18:09.424189 Rank 3 step 2 processed 1 samples in 0.501725435256958 s [/home/riddhiman/.local/lib/python3.10/site-packages/dlio_benchmark/utils/statscounter.py:361]
[INFO] 2024-08-31T12:18:09.424218 Rank 1 step 2 processed 1 samples in 0.5017843246459961 s [/home/riddhiman/.local/lib/python3.10/site-packages/dlio_benchmark/utils/statscounter.py:361]
[INFO] 2024-08-31T12:18:09.425536 Rank 0 step 2 processed 1 samples in 0.5018835067749023 s [/home/riddhiman/.local/lib/python3.10/site-packages/dlio_benchmark/utils/statscounter.py:361]
[INFO] 2024-08-31T12:18:09.426025 Ending eval - 2 steps completed in 1.01 s [/home/riddhiman/.local/lib/python3.10/site-packages/dlio_benchmark/utils/statscounter.py:249]
[INFO] 2024-08-31T12:18:09.430943 Epoch 5 [Eval] Accelerator Utilization [AU] (%): 99.4262 [/home/riddhiman/.local/lib/python3.10/site-packages/dlio_benchmark/utils/statscounter.py:252]
[INFO] 2024-08-31T12:18:09.431229 Epoch 5 [Eval] Throughput (samples/second): 7.9297 [/home/riddhiman/.local/lib/python3.10/site-packages/dlio_benchmark/utils/statscounter.py:253]
[INFO] 2024-08-31T12:18:09.432834 Starting epoch 6: 4 steps expected [/home/riddhiman/.local/lib/python3.10/site-packages/dlio_benchmark/utils/statscounter.py:192]
[INFO] 2024-08-31T12:18:09.433300 Starting block 1 [/home/riddhiman/.local/lib/python3.10/site-packages/dlio_benchmark/utils/statscounter.py:264]
[INFO] 2024-08-31T12:18:10.439214 Rank 2 step 1 processed 4 samples in 1.013437271118164 s [/home/riddhiman/.local/lib/python3.10/site-packages/dlio_benchmark/utils/statscounter.py:325]
[INFO] 2024-08-31T12:18:10.439259 Rank 1 step 1 processed 4 samples in 1.0133447647094727 s [/home/riddhiman/.local/lib/python3.10/site-packages/dlio_benchmark/utils/statscounter.py:325]
[INFO] 2024-08-31T12:18:10.440836 Rank 3 step 1 processed 4 samples in 1.015019178390503 s [/home/riddhiman/.local/lib/python3.10/site-packages/dlio_benchmark/utils/statscounter.py:325]
[INFO] 2024-08-31T12:18:10.444913 Rank 0 step 1 processed 4 samples in 1.0113437175750732 s [/home/riddhiman/.local/lib/python3.10/site-packages/dlio_benchmark/utils/statscounter.py:325]
[INFO] 2024-08-31T12:18:11.446347 Rank 1 step 2 processed 4 samples in 1.0012481212615967 s [/home/riddhiman/.local/lib/python3.10/site-packages/dlio_benchmark/utils/statscounter.py:325]
[INFO] 2024-08-31T12:18:11.474495 Rank 3 step 2 processed 4 samples in 1.0293912887573242 s [/home/riddhiman/.local/lib/python3.10/site-packages/dlio_benchmark/utils/statscounter.py:325]
[INFO] 2024-08-31T12:18:11.474499 Rank 0 step 2 processed 4 samples in 1.0293934345245361 s [/home/riddhiman/.local/lib/python3.10/site-packages/dlio_benchmark/utils/statscounter.py:325]
[INFO] 2024-08-31T12:18:11.474495 Rank 2 step 2 processed 4 samples in 1.0293850898742676 s [/home/riddhiman/.local/lib/python3.10/site-packages/dlio_benchmark/utils/statscounter.py:325]
[INFO] 2024-08-31T12:18:12.478375 Rank 0 step 3 processed 4 samples in 1.003129005432129 s [/home/riddhiman/.local/lib/python3.10/site-packages/dlio_benchmark/utils/statscounter.py:325]
[INFO] 2024-08-31T12:18:12.478376 Rank 3 step 3 processed 4 samples in 1.0031187534332275 s [/home/riddhiman/.local/lib/python3.10/site-packages/dlio_benchmark/utils/statscounter.py:325]
[INFO] 2024-08-31T12:18:12.478394 Rank 1 step 3 processed 4 samples in 1.003133773803711 s [/home/riddhiman/.local/lib/python3.10/site-packages/dlio_benchmark/utils/statscounter.py:325]
[INFO] 2024-08-31T12:18:12.478394 Rank 2 step 3 processed 4 samples in 1.0031275749206543 s [/home/riddhiman/.local/lib/python3.10/site-packages/dlio_benchmark/utils/statscounter.py:325]
[INFO] 2024-08-31T12:18:13.482030 Rank 0 step 4 processed 4 samples in 1.003035306930542 s [/home/riddhiman/.local/lib/python3.10/site-packages/dlio_benchmark/utils/statscounter.py:325]
[INFO] 2024-08-31T12:18:13.482031 Rank 3 step 4 processed 4 samples in 1.00303053855896 s [/home/riddhiman/.local/lib/python3.10/site-packages/dlio_benchmark/utils/statscounter.py:325]
[INFO] 2024-08-31T12:18:13.482051 Rank 1 step 4 processed 4 samples in 1.0030288696289062 s [/home/riddhiman/.local/lib/python3.10/site-packages/dlio_benchmark/utils/statscounter.py:325]
[INFO] 2024-08-31T12:18:13.482051 Rank 2 step 4 processed 4 samples in 1.0030300617218018 s [/home/riddhiman/.local/lib/python3.10/site-packages/dlio_benchmark/utils/statscounter.py:325]
[INFO] 2024-08-31T12:18:13.482652 Maximum number of steps reached [/home/riddhiman/.local/lib/python3.10/site-packages/dlio_benchmark/main.py:289]
[INFO] 2024-08-31T12:18:13.483188 Ending block 1 - 4 steps completed in 4.05 s [/home/riddhiman/.local/lib/python3.10/site-packages/dlio_benchmark/utils/statscounter.py:282]
[INFO] 2024-08-31T12:18:13.487360 Epoch 6 - Block 1 [Training] Accelerator Utilization [AU] (%): 98.7366 [/home/riddhiman/.local/lib/python3.10/site-packages/dlio_benchmark/utils/statscounter.py:285]
[INFO] 2024-08-31T12:18:13.487469 Epoch 6 - Block 1 [Training] Throughput (samples/second): 15.8035 [/home/riddhiman/.local/lib/python3.10/site-packages/dlio_benchmark/utils/statscounter.py:286]
[INFO] 2024-08-31T12:18:13.487742 Ending epoch 6 - 4 steps completed in 4.05 s [/home/riddhiman/.local/lib/python3.10/site-packages/dlio_benchmark/utils/statscounter.py:225]
[INFO] 2024-08-31T12:18:13.489799 Starting eval - 2 steps expected [/home/riddhiman/.local/lib/python3.10/site-packages/dlio_benchmark/utils/statscounter.py:231]
[INFO] 2024-08-31T12:18:13.994625 Rank 1 step 1 processed 1 samples in 0.5065159797668457 s [/home/riddhiman/.local/lib/python3.10/site-packages/dlio_benchmark/utils/statscounter.py:361]
[INFO] 2024-08-31T12:18:13.994624 Rank 2 step 1 processed 1 samples in 0.5065128803253174 s [/home/riddhiman/.local/lib/python3.10/site-packages/dlio_benchmark/utils/statscounter.py:361]
[INFO] 2024-08-31T12:18:13.994612 Rank 3 step 1 processed 1 samples in 0.5066452026367188 s [/home/riddhiman/.local/lib/python3.10/site-packages/dlio_benchmark/utils/statscounter.py:361]
[INFO] 2024-08-31T12:18:13.996382 Rank 0 step 1 processed 1 samples in 0.5063254833221436 s [/home/riddhiman/.local/lib/python3.10/site-packages/dlio_benchmark/utils/statscounter.py:361]
[INFO] 2024-08-31T12:18:14.497232 Rank 3 step 2 processed 1 samples in 0.5020449161529541 s [/home/riddhiman/.local/lib/python3.10/site-packages/dlio_benchmark/utils/statscounter.py:361]
[INFO] 2024-08-31T12:18:14.497212 Rank 2 step 2 processed 1 samples in 0.5021083354949951 s [/home/riddhiman/.local/lib/python3.10/site-packages/dlio_benchmark/utils/statscounter.py:361]
[INFO] 2024-08-31T12:18:14.497212 Rank 1 step 2 processed 1 samples in 0.5021121501922607 s [/home/riddhiman/.local/lib/python3.10/site-packages/dlio_benchmark/utils/statscounter.py:361]
[INFO] 2024-08-31T12:18:14.498676 Rank 0 step 2 processed 1 samples in 0.5018775463104248 s [/home/riddhiman/.local/lib/python3.10/site-packages/dlio_benchmark/utils/statscounter.py:361]
[INFO] 2024-08-31T12:18:14.499465 Ending eval - 2 steps completed in 1.01 s [/home/riddhiman/.local/lib/python3.10/site-packages/dlio_benchmark/utils/statscounter.py:249]
[INFO] 2024-08-31T12:18:14.504982 Epoch 6 [Eval] Accelerator Utilization [AU] (%): 99.3629 [/home/riddhiman/.local/lib/python3.10/site-packages/dlio_benchmark/utils/statscounter.py:252]
[INFO] 2024-08-31T12:18:14.505343 Epoch 6 [Eval] Throughput (samples/second): 7.9245 [/home/riddhiman/.local/lib/python3.10/site-packages/dlio_benchmark/utils/statscounter.py:253]
[INFO] 2024-08-31T12:18:14.507141 Starting epoch 7: 4 steps expected [/home/riddhiman/.local/lib/python3.10/site-packages/dlio_benchmark/utils/statscounter.py:192]
[INFO] 2024-08-31T12:18:14.508130 Starting block 1 [/home/riddhiman/.local/lib/python3.10/site-packages/dlio_benchmark/utils/statscounter.py:264]
[INFO] 2024-08-31T12:18:15.516932 Rank 3 step 1 processed 4 samples in 1.0166079998016357 s [/home/riddhiman/.local/lib/python3.10/site-packages/dlio_benchmark/utils/statscounter.py:325]
[INFO] 2024-08-31T12:18:15.516912 Rank 2 step 1 processed 4 samples in 1.016416072845459 s [/home/riddhiman/.local/lib/python3.10/site-packages/dlio_benchmark/utils/statscounter.py:325]
[INFO] 2024-08-31T12:18:15.517977 Rank 1 step 1 processed 4 samples in 1.0174291133880615 s [/home/riddhiman/.local/lib/python3.10/site-packages/dlio_benchmark/utils/statscounter.py:325]
[INFO] 2024-08-31T12:18:15.521910 Rank 0 step 1 processed 4 samples in 1.0134847164154053 s [/home/riddhiman/.local/lib/python3.10/site-packages/dlio_benchmark/utils/statscounter.py:325]
[INFO] 2024-08-31T12:18:16.524681 Rank 0 step 2 processed 4 samples in 1.0025684833526611 s [/home/riddhiman/.local/lib/python3.10/site-packages/dlio_benchmark/utils/statscounter.py:325]
[INFO] 2024-08-31T12:18:16.524718 Rank 1 step 2 processed 4 samples in 1.0025994777679443 s [/home/riddhiman/.local/lib/python3.10/site-packages/dlio_benchmark/utils/statscounter.py:325]
[INFO] 2024-08-31T12:18:16.524689 Rank 3 step 2 processed 4 samples in 1.0025713443756104 s [/home/riddhiman/.local/lib/python3.10/site-packages/dlio_benchmark/utils/statscounter.py:325]
[INFO] 2024-08-31T12:18:16.524691 Rank 2 step 2 processed 4 samples in 1.0025718212127686 s [/home/riddhiman/.local/lib/python3.10/site-packages/dlio_benchmark/utils/statscounter.py:325]
[INFO] 2024-08-31T12:18:17.555908 Rank 3 step 3 processed 4 samples in 1.0033090114593506 s [/home/riddhiman/.local/lib/python3.10/site-packages/dlio_benchmark/utils/statscounter.py:325]
[INFO] 2024-08-31T12:18:17.555908 Rank 2 step 3 processed 4 samples in 1.0032968521118164 s [/home/riddhiman/.local/lib/python3.10/site-packages/dlio_benchmark/utils/statscounter.py:325]
[INFO] 2024-08-31T12:18:17.555911 Rank 0 step 3 processed 4 samples in 1.0033159255981445 s [/home/riddhiman/.local/lib/python3.10/site-packages/dlio_benchmark/utils/statscounter.py:325]
[INFO] 2024-08-31T12:18:17.555911 Rank 1 step 3 processed 4 samples in 1.0033156871795654 s [/home/riddhiman/.local/lib/python3.10/site-packages/dlio_benchmark/utils/statscounter.py:325]
[INFO] 2024-08-31T12:18:18.560040 Rank 3 step 4 processed 4 samples in 1.0034770965576172 s [/home/riddhiman/.local/lib/python3.10/site-packages/dlio_benchmark/utils/statscounter.py:325]
[INFO] 2024-08-31T12:18:18.560040 Rank 2 step 4 processed 4 samples in 1.0034785270690918 s [/home/riddhiman/.local/lib/python3.10/site-packages/dlio_benchmark/utils/statscounter.py:325]
[INFO] 2024-08-31T12:18:18.560041 Rank 0 step 4 processed 4 samples in 1.0034794807434082 s [/home/riddhiman/.local/lib/python3.10/site-packages/dlio_benchmark/utils/statscounter.py:325]
[INFO] 2024-08-31T12:18:18.560040 Rank 1 step 4 processed 4 samples in 1.0034713745117188 s [/home/riddhiman/.local/lib/python3.10/site-packages/dlio_benchmark/utils/statscounter.py:325]
[INFO] 2024-08-31T12:18:18.560794 Maximum number of steps reached [/home/riddhiman/.local/lib/python3.10/site-packages/dlio_benchmark/main.py:289]
[INFO] 2024-08-31T12:18:18.561464 Ending block 1 - 4 steps completed in 4.05 s [/home/riddhiman/.local/lib/python3.10/site-packages/dlio_benchmark/utils/statscounter.py:282]
[INFO] 2024-08-31T12:18:18.566148 Epoch 7 - Block 1 [Training] Accelerator Utilization [AU] (%): 98.6952 [/home/riddhiman/.local/lib/python3.10/site-packages/dlio_benchmark/utils/statscounter.py:285]
[INFO] 2024-08-31T12:18:18.566261 Epoch 7 - Block 1 [Training] Throughput (samples/second): 15.7902 [/home/riddhiman/.local/lib/python3.10/site-packages/dlio_benchmark/utils/statscounter.py:286]
[INFO] 2024-08-31T12:18:18.566665 Ending epoch 7 - 4 steps completed in 4.06 s [/home/riddhiman/.local/lib/python3.10/site-packages/dlio_benchmark/utils/statscounter.py:225]
[INFO] 2024-08-31T12:18:18.569209 Starting eval - 2 steps expected [/home/riddhiman/.local/lib/python3.10/site-packages/dlio_benchmark/utils/statscounter.py:231]
[INFO] 2024-08-31T12:18:19.073945 Rank 2 step 1 processed 1 samples in 0.5069596767425537 s [/home/riddhiman/.local/lib/python3.10/site-packages/dlio_benchmark/utils/statscounter.py:361]
[INFO] 2024-08-31T12:18:19.074797 Rank 1 step 1 processed 1 samples in 0.5078186988830566 s [/home/riddhiman/.local/lib/python3.10/site-packages/dlio_benchmark/utils/statscounter.py:361]
[INFO] 2024-08-31T12:18:19.074871 Rank 3 step 1 processed 1 samples in 0.5078859329223633 s [/home/riddhiman/.local/lib/python3.10/site-packages/dlio_benchmark/utils/statscounter.py:361]
[INFO] 2024-08-31T12:18:19.076553 Rank 0 step 1 processed 1 samples in 0.5071756839752197 s [/home/riddhiman/.local/lib/python3.10/site-packages/dlio_benchmark/utils/statscounter.py:361]
[INFO] 2024-08-31T12:18:19.576306 Rank 2 step 2 processed 1 samples in 0.5019149780273438 s [/home/riddhiman/.local/lib/python3.10/site-packages/dlio_benchmark/utils/statscounter.py:361]
[INFO] 2024-08-31T12:18:19.577071 Rank 1 step 2 processed 1 samples in 0.5018610954284668 s [/home/riddhiman/.local/lib/python3.10/site-packages/dlio_benchmark/utils/statscounter.py:361]
[INFO] 2024-08-31T12:18:19.577345 Rank 3 step 2 processed 1 samples in 0.5019111633300781 s [/home/riddhiman/.local/lib/python3.10/site-packages/dlio_benchmark/utils/statscounter.py:361]
[INFO] 2024-08-31T12:18:19.578839 Rank 0 step 2 processed 1 samples in 0.5018088817596436 s [/home/riddhiman/.local/lib/python3.10/site-packages/dlio_benchmark/utils/statscounter.py:361]
[INFO] 2024-08-31T12:18:19.579813 Ending eval - 2 steps completed in 1.01 s [/home/riddhiman/.local/lib/python3.10/site-packages/dlio_benchmark/utils/statscounter.py:249]
[INFO] 2024-08-31T12:18:19.583925 Epoch 7 [Eval] Accelerator Utilization [AU] (%): 99.3543 [/home/riddhiman/.local/lib/python3.10/site-packages/dlio_benchmark/utils/statscounter.py:252]
[INFO] 2024-08-31T12:18:19.584066 Epoch 7 [Eval] Throughput (samples/second): 7.9175 [/home/riddhiman/.local/lib/python3.10/site-packages/dlio_benchmark/utils/statscounter.py:253]
[INFO] 2024-08-31T12:18:19.584999 Starting epoch 8: 4 steps expected [/home/riddhiman/.local/lib/python3.10/site-packages/dlio_benchmark/utils/statscounter.py:192]
[INFO] 2024-08-31T12:18:19.585511 Starting block 1 [/home/riddhiman/.local/lib/python3.10/site-packages/dlio_benchmark/utils/statscounter.py:264]
[INFO] 2024-08-31T12:18:20.593382 Rank 1 step 1 processed 4 samples in 1.0132646560668945 s [/home/riddhiman/.local/lib/python3.10/site-packages/dlio_benchmark/utils/statscounter.py:325]
[INFO] 2024-08-31T12:18:20.593364 Rank 3 step 1 processed 4 samples in 1.012387752532959 s [/home/riddhiman/.local/lib/python3.10/site-packages/dlio_benchmark/utils/statscounter.py:325]
[INFO] 2024-08-31T12:18:20.593903 Rank 2 step 1 processed 4 samples in 1.0140800476074219 s [/home/riddhiman/.local/lib/python3.10/site-packages/dlio_benchmark/utils/statscounter.py:325]
[INFO] 2024-08-31T12:18:20.597895 Rank 0 step 1 processed 4 samples in 1.0121057033538818 s [/home/riddhiman/.local/lib/python3.10/site-packages/dlio_benchmark/utils/statscounter.py:325]
[INFO] 2024-08-31T12:18:21.600937 Rank 0 step 2 processed 4 samples in 1.002553939819336 s [/home/riddhiman/.local/lib/python3.10/site-packages/dlio_benchmark/utils/statscounter.py:325]
[INFO] 2024-08-31T12:18:21.601040 Rank 1 step 2 processed 4 samples in 1.002671718597412 s [/home/riddhiman/.local/lib/python3.10/site-packages/dlio_benchmark/utils/statscounter.py:325]
[INFO] 2024-08-31T12:18:21.601060 Rank 3 step 2 processed 4 samples in 1.002687692642212 s [/home/riddhiman/.local/lib/python3.10/site-packages/dlio_benchmark/utils/statscounter.py:325]
[INFO] 2024-08-31T12:18:21.601035 Rank 2 step 2 processed 4 samples in 1.0026631355285645 s [/home/riddhiman/.local/lib/python3.10/site-packages/dlio_benchmark/utils/statscounter.py:325]
[INFO] 2024-08-31T12:18:22.631914 Rank 1 step 3 processed 4 samples in 1.0029983520507812 s [/home/riddhiman/.local/lib/python3.10/site-packages/dlio_benchmark/utils/statscounter.py:325]
[INFO] 2024-08-31T12:18:22.631914 Rank 0 step 3 processed 4 samples in 1.003005027770996 s [/home/riddhiman/.local/lib/python3.10/site-packages/dlio_benchmark/utils/statscounter.py:325]
[INFO] 2024-08-31T12:18:22.632057 Rank 2 step 3 processed 4 samples in 1.0031418800354004 s [/home/riddhiman/.local/lib/python3.10/site-packages/dlio_benchmark/utils/statscounter.py:325]
[INFO] 2024-08-31T12:18:22.632057 Rank 3 step 3 processed 4 samples in 1.0031251907348633 s [/home/riddhiman/.local/lib/python3.10/site-packages/dlio_benchmark/utils/statscounter.py:325]
[INFO] 2024-08-31T12:18:23.635417 Rank 1 step 4 processed 4 samples in 1.002732276916504 s [/home/riddhiman/.local/lib/python3.10/site-packages/dlio_benchmark/utils/statscounter.py:325]
[INFO] 2024-08-31T12:18:23.635418 Rank 0 step 4 processed 4 samples in 1.0027360916137695 s [/home/riddhiman/.local/lib/python3.10/site-packages/dlio_benchmark/utils/statscounter.py:325]
[INFO] 2024-08-31T12:18:23.635710 Rank 3 step 4 processed 4 samples in 1.0030128955841064 s [/home/riddhiman/.local/lib/python3.10/site-packages/dlio_benchmark/utils/statscounter.py:325]
[INFO] 2024-08-31T12:18:23.635709 Rank 2 step 4 processed 4 samples in 1.0030136108398438 s [/home/riddhiman/.local/lib/python3.10/site-packages/dlio_benchmark/utils/statscounter.py:325]
[INFO] 2024-08-31T12:18:23.636342 Maximum number of steps reached [/home/riddhiman/.local/lib/python3.10/site-packages/dlio_benchmark/main.py:289]
[INFO] 2024-08-31T12:18:23.636779 Ending block 1 - 4 steps completed in 4.05 s [/home/riddhiman/.local/lib/python3.10/site-packages/dlio_benchmark/utils/statscounter.py:282]
[INFO] 2024-08-31T12:18:23.640780 Epoch 8 - Block 1 [Training] Accelerator Utilization [AU] (%): 98.7161 [/home/riddhiman/.local/lib/python3.10/site-packages/dlio_benchmark/utils/statscounter.py:285]
[INFO] 2024-08-31T12:18:23.640868 Epoch 8 - Block 1 [Training] Throughput (samples/second): 15.7981 [/home/riddhiman/.local/lib/python3.10/site-packages/dlio_benchmark/utils/statscounter.py:286]
[INFO] 2024-08-31T12:18:23.641134 Ending epoch 8 - 4 steps completed in 4.06 s [/home/riddhiman/.local/lib/python3.10/site-packages/dlio_benchmark/utils/statscounter.py:225]
[INFO] 2024-08-31T12:18:23.643147 Starting eval - 2 steps expected [/home/riddhiman/.local/lib/python3.10/site-packages/dlio_benchmark/utils/statscounter.py:231]
[INFO] 2024-08-31T12:18:24.147328 Rank 1 step 1 processed 1 samples in 0.5059857368469238 s [/home/riddhiman/.local/lib/python3.10/site-packages/dlio_benchmark/utils/statscounter.py:361]
[INFO] 2024-08-31T12:18:24.147351 Rank 3 step 1 processed 1 samples in 0.505868673324585 s [/home/riddhiman/.local/lib/python3.10/site-packages/dlio_benchmark/utils/statscounter.py:361]
[INFO] 2024-08-31T12:18:24.147353 Rank 2 step 1 processed 1 samples in 0.5058696269989014 s [/home/riddhiman/.local/lib/python3.10/site-packages/dlio_benchmark/utils/statscounter.py:361]
[INFO] 2024-08-31T12:18:24.149809 Rank 0 step 1 processed 1 samples in 0.5063982009887695 s [/home/riddhiman/.local/lib/python3.10/site-packages/dlio_benchmark/utils/statscounter.py:361]
[INFO] 2024-08-31T12:18:24.650143 Rank 1 step 2 processed 1 samples in 0.5024025440216064 s [/home/riddhiman/.local/lib/python3.10/site-packages/dlio_benchmark/utils/statscounter.py:361]
[INFO] 2024-08-31T12:18:24.650163 Rank 3 step 2 processed 1 samples in 0.5022933483123779 s [/home/riddhiman/.local/lib/python3.10/site-packages/dlio_benchmark/utils/statscounter.py:361]
[INFO] 2024-08-31T12:18:24.650163 Rank 2 step 2 processed 1 samples in 0.5022938251495361 s [/home/riddhiman/.local/lib/python3.10/site-packages/dlio_benchmark/utils/statscounter.py:361]
[INFO] 2024-08-31T12:18:24.652109 Rank 0 step 2 processed 1 samples in 0.501899003982544 s [/home/riddhiman/.local/lib/python3.10/site-packages/dlio_benchmark/utils/statscounter.py:361]
[INFO] 2024-08-31T12:18:24.652820 Ending eval - 2 steps completed in 1.01 s [/home/riddhiman/.local/lib/python3.10/site-packages/dlio_benchmark/utils/statscounter.py:249]
[INFO] 2024-08-31T12:18:24.656343 Epoch 8 [Eval] Accelerator Utilization [AU] (%): 99.3763 [/home/riddhiman/.local/lib/python3.10/site-packages/dlio_benchmark/utils/statscounter.py:252]
[INFO] 2024-08-31T12:18:24.656467 Epoch 8 [Eval] Throughput (samples/second): 7.9244 [/home/riddhiman/.local/lib/python3.10/site-packages/dlio_benchmark/utils/statscounter.py:253]
[INFO] 2024-08-31T12:18:24.657031 Starting epoch 9: 4 steps expected [/home/riddhiman/.local/lib/python3.10/site-packages/dlio_benchmark/utils/statscounter.py:192]
[INFO] 2024-08-31T12:18:24.657388 Starting block 1 [/home/riddhiman/.local/lib/python3.10/site-packages/dlio_benchmark/utils/statscounter.py:264]
[INFO] 2024-08-31T12:18:25.665107 Rank 3 step 1 processed 4 samples in 1.0104947090148926 s [/home/riddhiman/.local/lib/python3.10/site-packages/dlio_benchmark/utils/statscounter.py:325]
[INFO] 2024-08-31T12:18:25.667381 Rank 0 step 1 processed 4 samples in 1.0097849369049072 s [/home/riddhiman/.local/lib/python3.10/site-packages/dlio_benchmark/utils/statscounter.py:325]
[INFO] 2024-08-31T12:18:25.668167 Rank 1 step 1 processed 4 samples in 1.0148792266845703 s [/home/riddhiman/.local/lib/python3.10/site-packages/dlio_benchmark/utils/statscounter.py:325]
[INFO] 2024-08-31T12:18:25.668928 Rank 2 step 1 processed 4 samples in 1.0143120288848877 s [/home/riddhiman/.local/lib/python3.10/site-packages/dlio_benchmark/utils/statscounter.py:325]
[INFO] 2024-08-31T12:18:26.671950 Rank 1 step 2 processed 4 samples in 1.002495527267456 s [/home/riddhiman/.local/lib/python3.10/site-packages/dlio_benchmark/utils/statscounter.py:325]
[INFO] 2024-08-31T12:18:26.671949 Rank 3 step 2 processed 4 samples in 1.0024924278259277 s [/home/riddhiman/.local/lib/python3.10/site-packages/dlio_benchmark/utils/statscounter.py:325]
[INFO] 2024-08-31T12:18:26.671966 Rank 2 step 2 processed 4 samples in 1.0025010108947754 s [/home/riddhiman/.local/lib/python3.10/site-packages/dlio_benchmark/utils/statscounter.py:325]
[INFO] 2024-08-31T12:18:26.671967 Rank 0 step 2 processed 4 samples in 1.002506971359253 s [/home/riddhiman/.local/lib/python3.10/site-packages/dlio_benchmark/utils/statscounter.py:325]
[INFO] 2024-08-31T12:18:27.701948 Rank 1 step 3 processed 4 samples in 1.001953125 s [/home/riddhiman/.local/lib/python3.10/site-packages/dlio_benchmark/utils/statscounter.py:325]
[INFO] 2024-08-31T12:18:27.702795 Rank 3 step 3 processed 4 samples in 1.0027904510498047 s [/home/riddhiman/.local/lib/python3.10/site-packages/dlio_benchmark/utils/statscounter.py:325]
[INFO] 2024-08-31T12:18:27.703111 Rank 2 step 3 processed 4 samples in 1.0031194686889648 s [/home/riddhiman/.local/lib/python3.10/site-packages/dlio_benchmark/utils/statscounter.py:325]
[INFO] 2024-08-31T12:18:27.703140 Rank 0 step 3 processed 4 samples in 1.0031509399414062 s [/home/riddhiman/.local/lib/python3.10/site-packages/dlio_benchmark/utils/statscounter.py:325]
[INFO] 2024-08-31T12:18:28.706114 Rank 2 step 4 processed 4 samples in 1.0024795532226562 s [/home/riddhiman/.local/lib/python3.10/site-packages/dlio_benchmark/utils/statscounter.py:325]
[INFO] 2024-08-31T12:18:28.706150 Rank 0 step 4 processed 4 samples in 1.0025136470794678 s [/home/riddhiman/.local/lib/python3.10/site-packages/dlio_benchmark/utils/statscounter.py:325]
[INFO] 2024-08-31T12:18:28.706625 Rank 3 step 4 processed 4 samples in 1.002978801727295 s [/home/riddhiman/.local/lib/python3.10/site-packages/dlio_benchmark/utils/statscounter.py:325]
[INFO] 2024-08-31T12:18:28.706670 Rank 1 step 4 processed 4 samples in 1.0029747486114502 s [/home/riddhiman/.local/lib/python3.10/site-packages/dlio_benchmark/utils/statscounter.py:325]
[INFO] 2024-08-31T12:18:28.707235 Maximum number of steps reached [/home/riddhiman/.local/lib/python3.10/site-packages/dlio_benchmark/main.py:289]
[INFO] 2024-08-31T12:18:28.707769 Ending block 1 - 4 steps completed in 4.05 s [/home/riddhiman/.local/lib/python3.10/site-packages/dlio_benchmark/utils/statscounter.py:282]
[INFO] 2024-08-31T12:18:28.711027 Epoch 9 - Block 1 [Training] Accelerator Utilization [AU] (%): 98.6697 [/home/riddhiman/.local/lib/python3.10/site-packages/dlio_benchmark/utils/statscounter.py:285]
[INFO] 2024-08-31T12:18:28.711103 Epoch 9 - Block 1 [Training] Throughput (samples/second): 15.8016 [/home/riddhiman/.local/lib/python3.10/site-packages/dlio_benchmark/utils/statscounter.py:286]
[INFO] 2024-08-31T12:18:28.711405 Ending epoch 9 - 4 steps completed in 4.05 s [/home/riddhiman/.local/lib/python3.10/site-packages/dlio_benchmark/utils/statscounter.py:225]
[INFO] 2024-08-31T12:18:28.713532 Starting eval - 2 steps expected [/home/riddhiman/.local/lib/python3.10/site-packages/dlio_benchmark/utils/statscounter.py:231]
[INFO] 2024-08-31T12:18:29.217722 Rank 1 step 1 processed 1 samples in 0.5059986114501953 s [/home/riddhiman/.local/lib/python3.10/site-packages/dlio_benchmark/utils/statscounter.py:361]
[INFO] 2024-08-31T12:18:29.218344 Rank 3 step 1 processed 1 samples in 0.5066194534301758 s [/home/riddhiman/.local/lib/python3.10/site-packages/dlio_benchmark/utils/statscounter.py:361]
[INFO] 2024-08-31T12:18:29.218361 Rank 2 step 1 processed 1 samples in 0.5067672729492188 s [/home/riddhiman/.local/lib/python3.10/site-packages/dlio_benchmark/utils/statscounter.py:361]
[INFO] 2024-08-31T12:18:29.220029 Rank 0 step 1 processed 1 samples in 0.5062804222106934 s [/home/riddhiman/.local/lib/python3.10/site-packages/dlio_benchmark/utils/statscounter.py:361]
[INFO] 2024-08-31T12:18:29.719304 Rank 1 step 2 processed 1 samples in 0.5014083385467529 s [/home/riddhiman/.local/lib/python3.10/site-packages/dlio_benchmark/utils/statscounter.py:361]
[INFO] 2024-08-31T12:18:29.719731 Rank 2 step 2 processed 1 samples in 0.5011756420135498 s [/home/riddhiman/.local/lib/python3.10/site-packages/dlio_benchmark/utils/statscounter.py:361]
[INFO] 2024-08-31T12:18:29.719751 Rank 3 step 2 processed 1 samples in 0.501176118850708 s [/home/riddhiman/.local/lib/python3.10/site-packages/dlio_benchmark/utils/statscounter.py:361]
[INFO] 2024-08-31T12:18:29.721463 Rank 0 step 2 processed 1 samples in 0.5012462139129639 s [/home/riddhiman/.local/lib/python3.10/site-packages/dlio_benchmark/utils/statscounter.py:361]
[INFO] 2024-08-31T12:18:29.722545 Ending eval - 2 steps completed in 1.01 s [/home/riddhiman/.local/lib/python3.10/site-packages/dlio_benchmark/utils/statscounter.py:249]
[INFO] 2024-08-31T12:18:29.725758 Epoch 9 [Eval] Accelerator Utilization [AU] (%): 99.4908 [/home/riddhiman/.local/lib/python3.10/site-packages/dlio_benchmark/utils/statscounter.py:252]
[INFO] 2024-08-31T12:18:29.725847 Epoch 9 [Eval] Throughput (samples/second): 7.9299 [/home/riddhiman/.local/lib/python3.10/site-packages/dlio_benchmark/utils/statscounter.py:253]
[INFO] 2024-08-31T12:18:29.726418 Starting epoch 10: 4 steps expected [/home/riddhiman/.local/lib/python3.10/site-packages/dlio_benchmark/utils/statscounter.py:192]
[INFO] 2024-08-31T12:18:29.726744 Starting block 1 [/home/riddhiman/.local/lib/python3.10/site-packages/dlio_benchmark/utils/statscounter.py:264]
[INFO] 2024-08-31T12:18:30.734032 Rank 2 step 1 processed 4 samples in 1.0109643936157227 s [/home/riddhiman/.local/lib/python3.10/site-packages/dlio_benchmark/utils/statscounter.py:325]
[INFO] 2024-08-31T12:18:30.734030 Rank 3 step 1 processed 4 samples in 1.0108561515808105 s [/home/riddhiman/.local/lib/python3.10/site-packages/dlio_benchmark/utils/statscounter.py:325]
[INFO] 2024-08-31T12:18:30.736505 Rank 1 step 1 processed 4 samples in 1.0131239891052246 s [/home/riddhiman/.local/lib/python3.10/site-packages/dlio_benchmark/utils/statscounter.py:325]
[INFO] 2024-08-31T12:18:30.740239 Rank 0 step 1 processed 4 samples in 1.0133464336395264 s [/home/riddhiman/.local/lib/python3.10/site-packages/dlio_benchmark/utils/statscounter.py:325]
[INFO] 2024-08-31T12:18:31.742008 Rank 2 step 2 processed 4 samples in 1.0015642642974854 s [/home/riddhiman/.local/lib/python3.10/site-packages/dlio_benchmark/utils/statscounter.py:325]
[INFO] 2024-08-31T12:18:31.742034 Rank 3 step 2 processed 4 samples in 1.0015912055969238 s [/home/riddhiman/.local/lib/python3.10/site-packages/dlio_benchmark/utils/statscounter.py:325]
[INFO] 2024-08-31T12:18:31.742036 Rank 1 step 2 processed 4 samples in 1.0015950202941895 s [/home/riddhiman/.local/lib/python3.10/site-packages/dlio_benchmark/utils/statscounter.py:325]
[INFO] 2024-08-31T12:18:31.770166 Rank 0 step 2 processed 4 samples in 1.0297212600708008 s [/home/riddhiman/.local/lib/python3.10/site-packages/dlio_benchmark/utils/statscounter.py:325]
[INFO] 2024-08-31T12:18:32.774478 Rank 0 step 3 processed 4 samples in 1.0035436153411865 s [/home/riddhiman/.local/lib/python3.10/site-packages/dlio_benchmark/utils/statscounter.py:325]
[INFO] 2024-08-31T12:18:32.774478 Rank 2 step 3 processed 4 samples in 1.003530740737915 s [/home/riddhiman/.local/lib/python3.10/site-packages/dlio_benchmark/utils/statscounter.py:325]
[INFO] 2024-08-31T12:18:32.774479 Rank 1 step 3 processed 4 samples in 1.0035336017608643 s [/home/riddhiman/.local/lib/python3.10/site-packages/dlio_benchmark/utils/statscounter.py:325]
[INFO] 2024-08-31T12:18:32.774650 Rank 3 step 3 processed 4 samples in 1.0037076473236084 s [/home/riddhiman/.local/lib/python3.10/site-packages/dlio_benchmark/utils/statscounter.py:325]
[INFO] 2024-08-31T12:18:33.778851 Rank 0 step 4 processed 4 samples in 1.003596305847168 s [/home/riddhiman/.local/lib/python3.10/site-packages/dlio_benchmark/utils/statscounter.py:325]
[INFO] 2024-08-31T12:18:33.778851 Rank 2 step 4 processed 4 samples in 1.003593921661377 s [/home/riddhiman/.local/lib/python3.10/site-packages/dlio_benchmark/utils/statscounter.py:325]
[INFO] 2024-08-31T12:18:33.778852 Rank 1 step 4 processed 4 samples in 1.0035927295684814 s [/home/riddhiman/.local/lib/python3.10/site-packages/dlio_benchmark/utils/statscounter.py:325]
[INFO] 2024-08-31T12:18:33.778852 Rank 3 step 4 processed 4 samples in 1.003577709197998 s [/home/riddhiman/.local/lib/python3.10/site-packages/dlio_benchmark/utils/statscounter.py:325]
[INFO] 2024-08-31T12:18:33.779573 Maximum number of steps reached [/home/riddhiman/.local/lib/python3.10/site-packages/dlio_benchmark/main.py:289]
[INFO] 2024-08-31T12:18:33.780176 Ending block 1 - 4 steps completed in 4.05 s [/home/riddhiman/.local/lib/python3.10/site-packages/dlio_benchmark/utils/statscounter.py:282]
[INFO] 2024-08-31T12:18:33.786769 Epoch 10 - Block 1 [Training] Accelerator Utilization [AU] (%): 98.6868 [/home/riddhiman/.local/lib/python3.10/site-packages/dlio_benchmark/utils/statscounter.py:285]
[INFO] 2024-08-31T12:18:33.787099 Epoch 10 - Block 1 [Training] Throughput (samples/second): 15.7897 [/home/riddhiman/.local/lib/python3.10/site-packages/dlio_benchmark/utils/statscounter.py:286]
[INFO] 2024-08-31T12:18:33.788074 Ending epoch 10 - 4 steps completed in 4.06 s [/home/riddhiman/.local/lib/python3.10/site-packages/dlio_benchmark/utils/statscounter.py:225]
[INFO] 2024-08-31T12:18:33.794309 Starting eval - 2 steps expected [/home/riddhiman/.local/lib/python3.10/site-packages/dlio_benchmark/utils/statscounter.py:231]
[INFO] 2024-08-31T12:18:34.300593 Rank 1 step 1 processed 1 samples in 0.5115113258361816 s [/home/riddhiman/.local/lib/python3.10/site-packages/dlio_benchmark/utils/statscounter.py:361]
[INFO] 2024-08-31T12:18:34.301244 Rank 2 step 1 processed 1 samples in 0.5122711658477783 s [/home/riddhiman/.local/lib/python3.10/site-packages/dlio_benchmark/utils/statscounter.py:361]
[INFO] 2024-08-31T12:18:34.301285 Rank 3 step 1 processed 1 samples in 0.511988639831543 s [/home/riddhiman/.local/lib/python3.10/site-packages/dlio_benchmark/utils/statscounter.py:361]
[INFO] 2024-08-31T12:18:34.301958 Rank 0 step 1 processed 1 samples in 0.5071156024932861 s [/home/riddhiman/.local/lib/python3.10/site-packages/dlio_benchmark/utils/statscounter.py:361]
[INFO] 2024-08-31T12:18:34.803718 Rank 1 step 2 processed 1 samples in 0.5026633739471436 s [/home/riddhiman/.local/lib/python3.10/site-packages/dlio_benchmark/utils/statscounter.py:361]
[INFO] 2024-08-31T12:18:34.803812 Rank 2 step 2 processed 1 samples in 0.5020558834075928 s [/home/riddhiman/.local/lib/python3.10/site-packages/dlio_benchmark/utils/statscounter.py:361]
[INFO] 2024-08-31T12:18:34.803846 Rank 3 step 2 processed 1 samples in 0.5020678043365479 s [/home/riddhiman/.local/lib/python3.10/site-packages/dlio_benchmark/utils/statscounter.py:361]
[INFO] 2024-08-31T12:18:34.804601 Rank 0 step 2 processed 1 samples in 0.5021319389343262 s [/home/riddhiman/.local/lib/python3.10/site-packages/dlio_benchmark/utils/statscounter.py:361]
[INFO] 2024-08-31T12:18:34.805759 Ending eval - 2 steps completed in 1.01 s [/home/riddhiman/.local/lib/python3.10/site-packages/dlio_benchmark/utils/statscounter.py:249]
[INFO] 2024-08-31T12:18:34.812065 Epoch 10 [Eval] Accelerator Utilization [AU] (%): 99.1873 [/home/riddhiman/.local/lib/python3.10/site-packages/dlio_benchmark/utils/statscounter.py:252]
[INFO] 2024-08-31T12:18:34.812375 Epoch 10 [Eval] Throughput (samples/second): 7.9113 [/home/riddhiman/.local/lib/python3.10/site-packages/dlio_benchmark/utils/statscounter.py:253]
[INFO] 2024-08-31T12:18:34.838320 Saved outputs in /home/riddhiman/Projects/0RANDOM/dlio_benchmarking/dlio_benchmark/hydra_log/default/2024-08-31-12-17-38 [/home/riddhiman/.local/lib/python3.10/site-packages/dlio_benchmark/utils/statscounter.py:171]
[INFO] Averaged metric over all epochs
[METRIC] ==========================================================
[METRIC] Number of Simulated Accelerators: 4 
[METRIC] Training Accelerator Utilization [AU] (%): 98.5573 (0.1840)
[METRIC] Training Throughput (samples/second): 15.3764 (1.1978)
[METRIC] Training I/O Throughput (MB/second): 0.0601 (0.0047)
[METRIC] train_au_meet_expectation: success
[METRIC] Eval Accelerator Utilization [AU] (%): 24.8331 (0.0268)
[METRIC] Eval Throughput (samples/second): 1.882140 (0.289210)
[METRIC] Eval Throughput (MB/second): 0.007352 (0.001130)
[METRIC] eval_au_meet_expectation: fail
[METRIC] ==========================================================
 [/home/riddhiman/.local/lib/python3.10/site-packages/dlio_benchmark/utils/statscounter.py:185]
[INFO] 2024-08-31T12:18:34.847450 outputs saved in RANKID_output.json [/home/riddhiman/.local/lib/python3.10/site-packages/dlio_benchmark/utils/statscounter.py:378]
