[INFO] 2024-08-31T12:16:29.222808 Profiling DLIO /home/riddhiman/Projects/0RANDOM/dlio_benchmarking/dlio_benchmark/hydra_log/default/2024-08-31-12-16-27/trace-0-of-4.pfw [/home/riddhiman/.local/lib/python3.10/site-packages/dlio_benchmark/utils/config.py:190]
[INFO] 2024-08-31T12:16:29.250865 Running DLIO with 4 process(es) [/home/riddhiman/.local/lib/python3.10/site-packages/dlio_benchmark/main.py:97]
[INFO] Total amount of data each host will consume is 0.000244140625 GB; each host has [7.533790588378906] GB memory [/home/riddhiman/.local/lib/python3.10/site-packages/dlio_benchmark/utils/statscounter.py:121]
[WARNING] The amount of dataset is smaller than the host memory; data might be cached after the first epoch. Increase the size of dataset to eliminate the caching effect!!! [/home/riddhiman/.local/lib/python3.10/site-packages/dlio_benchmark/utils/statscounter.py:125]
[INFO] 2024-08-31T12:16:29.369872 Starting data generation [/home/riddhiman/.local/lib/python3.10/site-packages/dlio_benchmark/main.py:154]
[INFO] 2024-08-31T12:16:29.370694 Generating dataset in data/default/train and data/default/valid [/home/riddhiman/.local/lib/python3.10/site-packages/dlio_benchmark/data_generator/data_generator.py:77]
[INFO] 2024-08-31T12:16:29.370777 Number of files for training dataset: 64 [/home/riddhiman/.local/lib/python3.10/site-packages/dlio_benchmark/data_generator/data_generator.py:78]
[INFO] 2024-08-31T12:16:29.370855 Number of files for validation dataset: 8 [/home/riddhiman/.local/lib/python3.10/site-packages/dlio_benchmark/data_generator/data_generator.py:79]
[INFO] [INFO] 2024-08-31T12:16:29.371645 Generating NPZ Data: [=>-----------------------------------------------------------] 1.4% 1 of 72  [/home/riddhiman/.local/lib/python3.10/site-packages/dlio_benchmark/utils/utility.py:249]
[INFO] [INFO] 2024-08-31T12:16:29.372490 Generating NPZ Data: [====>--------------------------------------------------------] 6.9% 5 of 72  [/home/riddhiman/.local/lib/python3.10/site-packages/dlio_benchmark/utils/utility.py:249]
[INFO] [INFO] 2024-08-31T12:16:29.373006 Generating NPZ Data: [========>----------------------------------------------------] 12.5% 9 of 72  [/home/riddhiman/.local/lib/python3.10/site-packages/dlio_benchmark/utils/utility.py:249]
[INFO] [INFO] 2024-08-31T12:16:29.373513 Generating NPZ Data: [===========>-------------------------------------------------] 18.1% 13 of 72  [/home/riddhiman/.local/lib/python3.10/site-packages/dlio_benchmark/utils/utility.py:249]
[INFO] [INFO] 2024-08-31T12:16:29.374019 Generating NPZ Data: [==============>----------------------------------------------] 23.6% 17 of 72  [/home/riddhiman/.local/lib/python3.10/site-packages/dlio_benchmark/utils/utility.py:249]
[INFO] [INFO] 2024-08-31T12:16:29.374506 Generating NPZ Data: [==================>------------------------------------------] 29.2% 21 of 72  [/home/riddhiman/.local/lib/python3.10/site-packages/dlio_benchmark/utils/utility.py:249]
[INFO] [INFO] 2024-08-31T12:16:29.374989 Generating NPZ Data: [=====================>---------------------------------------] 34.7% 25 of 72  [/home/riddhiman/.local/lib/python3.10/site-packages/dlio_benchmark/utils/utility.py:249]
[INFO] [INFO] 2024-08-31T12:16:29.375467 Generating NPZ Data: [========================>------------------------------------] 40.3% 29 of 72  [/home/riddhiman/.local/lib/python3.10/site-packages/dlio_benchmark/utils/utility.py:249]
[INFO] [INFO] 2024-08-31T12:16:29.375951 Generating NPZ Data: [============================>--------------------------------] 45.8% 33 of 72  [/home/riddhiman/.local/lib/python3.10/site-packages/dlio_benchmark/utils/utility.py:249]
[INFO] [INFO] 2024-08-31T12:16:29.376434 Generating NPZ Data: [===============================>-----------------------------] 51.4% 37 of 72  [/home/riddhiman/.local/lib/python3.10/site-packages/dlio_benchmark/utils/utility.py:249]
[INFO] [INFO] 2024-08-31T12:16:29.376915 Generating NPZ Data: [==================================>--------------------------] 56.9% 41 of 72  [/home/riddhiman/.local/lib/python3.10/site-packages/dlio_benchmark/utils/utility.py:249]
[INFO] [INFO] 2024-08-31T12:16:29.377398 Generating NPZ Data: [======================================>----------------------] 62.5% 45 of 72  [/home/riddhiman/.local/lib/python3.10/site-packages/dlio_benchmark/utils/utility.py:249]
[INFO] [INFO] 2024-08-31T12:16:29.377896 Generating NPZ Data: [=========================================>-------------------] 68.1% 49 of 72  [/home/riddhiman/.local/lib/python3.10/site-packages/dlio_benchmark/utils/utility.py:249]
[INFO] [INFO] 2024-08-31T12:16:29.378471 Generating NPZ Data: [============================================>----------------] 73.6% 53 of 72  [/home/riddhiman/.local/lib/python3.10/site-packages/dlio_benchmark/utils/utility.py:249]
[INFO] [INFO] 2024-08-31T12:16:29.378967 Generating NPZ Data: [================================================>------------] 79.2% 57 of 72  [/home/riddhiman/.local/lib/python3.10/site-packages/dlio_benchmark/utils/utility.py:249]
[INFO] [INFO] 2024-08-31T12:16:29.379447 Generating NPZ Data: [===================================================>---------] 84.7% 61 of 72  [/home/riddhiman/.local/lib/python3.10/site-packages/dlio_benchmark/utils/utility.py:249]
[INFO] [INFO] 2024-08-31T12:16:29.379921 Generating NPZ Data: [======================================================>------] 90.3% 65 of 72  [/home/riddhiman/.local/lib/python3.10/site-packages/dlio_benchmark/utils/utility.py:249]
[INFO] [INFO] 2024-08-31T12:16:29.380382 Generating NPZ Data: [==========================================================>--] 95.8% 69 of 72  [/home/riddhiman/.local/lib/python3.10/site-packages/dlio_benchmark/utils/utility.py:249]
[INFO] 2024-08-31T12:16:29.382792 Generation done [/home/riddhiman/.local/lib/python3.10/site-packages/dlio_benchmark/main.py:159]
